▲ Next.js 16.2.3
- Local:         http://localhost:3000
- Network:       http://0.0.0.0:3000
✓ Ready in 0ms
Error fetching organization: {
  code: 'PGRST116',
  details: 'The result contains 0 rows',
  hint: null,
  message: 'Cannot coerce the result to a single JSON object'
}
Error fetching organization: {
  code: 'PGRST116',
  details: 'The result contains 0 rows',
  hint: null,
  message: 'Cannot coerce the result to a single JSON object'
}
Error fetching organization: {
  code: 'PGRST116',
  details: 'The result contains 0 rows',
  hint: null,
  message: 'Cannot coerce the result to a single JSON object'
}
Error fetching organization: {
  code: 'PGRST116',
  details: 'The result contains 0 rows',
  hint: null,
  message: 'Cannot coerce the result to a single JSON object'
}
Error fetching organization: {
  code: 'PGRST116',
  details: 'The result contains 0 rows',
  hint: null,
  message: 'Cannot coerce the result to a single JSON object'
}
Error fetching organization: {
  code: 'PGRST116',
  details: 'The result contains 0 rows',
  hint: null,
  message: 'Cannot coerce the result to a single JSON object'
}
Error fetching organization: {
  code: 'PGRST116',
  details: 'The result contains 0 rows',
  hint: null,
  message: 'Cannot coerce the result to a single JSON object'
}
Error fetching organization: {
  code: 'PGRST116',
  details: 'The result contains 0 rows',
  hint: null,
  message: 'Cannot coerce the result to a single JSON object'
}
Error fetching organization: {
  code: 'PGRST116',
  details: 'The result contains 0 rows',
  hint: null,
  message: 'Cannot coerce the result to a single JSON object'
}
Error fetching organization: {
  code: 'PGRST116',
  details: 'The result contains 0 rows',
  hint: null,
  message: 'Cannot coerce the result to a single JSON object'
}
Error fetching organization: {
  code: 'PGRST116',
  details: 'The result contains 0 rows',
  hint: null,
  message: 'Cannot coerce the result to a single JSON object'
}
Error fetching organization: {
  code: 'PGRST116',
  details: 'The result contains 0 rows',
  hint: null,
  message: 'Cannot coerce the result to a single JSON object'
}
Error fetching organization: {
  code: 'PGRST116',
  details: 'The result contains 0 rows',
  hint: null,
  message: 'Cannot coerce the result to a single JSON object'
}
